This is pdfTeX, Version 3.141592653-2.6-1.40.22 (TeX Live 2022/dev/Debian) (preloaded format=pdflatex 2022.12.30)  30 DEC 2022 22:33
entering extended mode
 restricted \write18 enabled.
 file:line:error style messages enabled.
 %&-line parsing enabled.
**/home/chad/Desktop/_backups/py/yeh.tex
(/home/chad/Desktop/_backups/py/yeh.tex
LaTeX2e <2021-11-15> patch level 1
L3 programming layer <2022-01-21> (/usr/share/texlive/texmf-dist/tex/latex/base/article.cls
Document Class: article 2021/10/04 v1.4n Standard LaTeX document class
(/usr/share/texlive/texmf-dist/tex/latex/base/size10.clo
File: size10.clo 2021/10/04 v1.4n Standard LaTeX file (size option)
)
\c@part=\count185
\c@section=\count186
\c@subsection=\count187
\c@subsubsection=\count188
\c@paragraph=\count189
\c@subparagraph=\count190
\c@figure=\count191
\c@table=\count192
\abovecaptionskip=\skip47
\belowcaptionskip=\skip48
\bibindent=\dimen138
) (/usr/share/texlive/texmf-dist/tex/latex/amsmath/amsmath.sty
Package: amsmath 2021/10/15 v2.17l AMS math features
\@mathmargin=\skip49

For additional information on amsmath, use the `?' option.
(/usr/share/texlive/texmf-dist/tex/latex/amsmath/amstext.sty
Package: amstext 2021/08/26 v2.01 AMS text
 (/usr/share/texlive/texmf-dist/tex/latex/amsmath/amsgen.sty
File: amsgen.sty 1999/11/30 v2.0 generic functions
\@emptytoks=\toks16
\ex@=\dimen139
)) (/usr/share/texlive/texmf-dist/tex/latex/amsmath/amsbsy.sty
Package: amsbsy 1999/11/29 v1.2d Bold Symbols
\pmbraise@=\dimen140
) (/usr/share/texlive/texmf-dist/tex/latex/amsmath/amsopn.sty
Package: amsopn 2021/08/26 v2.02 operator names
)
\inf@bad=\count193
LaTeX Info: Redefining \frac on input line 234.
\uproot@=\count194
\leftroot@=\count195
LaTeX Info: Redefining \overline on input line 399.
\classnum@=\count196
\DOTSCASE@=\count197
LaTeX Info: Redefining \ldots on input line 496.
LaTeX Info: Redefining \dots on input line 499.
LaTeX Info: Redefining \cdots on input line 620.
\Mathstrutbox@=\box50
\strutbox@=\box51
\big@size=\dimen141
LaTeX Font Info:    Redeclaring font encoding OML on input line 743.
LaTeX Font Info:    Redeclaring font encoding OMS on input line 744.
\macc@depth=\count198
\c@MaxMatrixCols=\count199
\dotsspace@=\muskip16
\c@parentequation=\count266
\dspbrk@lvl=\count267
\tag@help=\toks17
\row@=\count268
\column@=\count269
\maxfields@=\count270
\andhelp@=\toks18
\eqnshift@=\dimen142
\alignsep@=\dimen143
\tagshift@=\dimen144
\tagwidth@=\dimen145
\totwidth@=\dimen146
\lineht@=\dimen147
\@envbody=\toks19
\multlinegap=\skip50
\multlinetaggap=\skip51
\mathdisplay@stack=\toks20
LaTeX Info: Redefining \[ on input line 2938.
LaTeX Info: Redefining \] on input line 2939.
) (/usr/share/texlive/texmf-dist/tex/latex/amsfonts/amssymb.sty
Package: amssymb 2013/01/14 v3.01 AMS font symbols
 (/usr/share/texlive/texmf-dist/tex/latex/amsfonts/amsfonts.sty
Package: amsfonts 2013/01/14 v3.01 Basic AMSFonts support
\symAMSa=\mathgroup4
\symAMSb=\mathgroup5
LaTeX Font Info:    Redeclaring math symbol \hbar on input line 98.
LaTeX Font Info:    Overwriting math alphabet `\mathfrak' in version `bold'
(Font)                  U/euf/m/n --> U/euf/b/n on input line 106.
)) (/usr/share/texlive/texmf-dist/tex/latex/setspace/setspace.sty
Package: setspace 2011/12/19 v6.7a set line spacing
) (/usr/share/texlive/texmf-dist/tex/latex/enumitem/enumitem.sty
Package: enumitem 2019/06/20 v3.9 Customized lists
\enitkv@toks@=\toks21
\labelindent=\skip52
\enit@outerparindent=\dimen148
\enit@toks=\toks22
\enit@inbox=\box52
\enit@count@id=\count271
\enitdp@description=\count272
) (/usr/share/texlive/texmf-dist/tex/latex/l3backend/l3backend-pdftex.def
File: l3backend-pdftex.def 2022-01-12 L3 backend support: PDF output (pdfTeX)
\l__color_backend_stack_int=\count273
\l__pdf_internal_box=\box53
) (./yeh.aux)
\openout1 = `yeh.aux'.

LaTeX Font Info:    Checking defaults for OML/cmm/m/it on input line 19.
LaTeX Font Info:    ... okay on input line 19.
LaTeX Font Info:    Checking defaults for OMS/cmsy/m/n on input line 19.
LaTeX Font Info:    ... okay on input line 19.
LaTeX Font Info:    Checking defaults for OT1/cmr/m/n on input line 19.
LaTeX Font Info:    ... okay on input line 19.
LaTeX Font Info:    Checking defaults for T1/cmr/m/n on input line 19.
LaTeX Font Info:    ... okay on input line 19.
LaTeX Font Info:    Checking defaults for TS1/cmr/m/n on input line 19.
LaTeX Font Info:    ... okay on input line 19.
LaTeX Font Info:    Checking defaults for OMX/cmex/m/n on input line 19.
LaTeX Font Info:    ... okay on input line 19.
LaTeX Font Info:    Checking defaults for U/cmr/m/n on input line 19.
LaTeX Font Info:    ... okay on input line 19.
 [1

{/var/lib/texmf/fonts/map/pdftex/updmap/pdftex.map}] [2] [3] [4] [5] [6] [7] [8] [9] [10] [11] [12] [13] [14] [15] [16] [17] [18] [19] [20] [21] [22] [23] [24] [25] [26]
Overfull \hbox (1.49698pt too wide) in paragraph at lines 1252--1252
[]    \OT1/cmtt/m/n/10 when AA complete wrt mu, (X, AA, mu) is COMPLETE MEASURE SPACE[] 
 []

[27] [28] [29] [30] [31] [32] [33]
Overfull \hbox (1.49698pt too wide) in paragraph at lines 4034--4034
[]        \OT1/cmtt/m/n/10 there exists n st forall k>n, x in either Ek or Fk or both[] 
 []

[34] [35] [36] [37]
Overfull \hbox (1.49698pt too wide) in paragraph at lines 4034--4034
[]    \OT1/cmtt/m/n/10 An: *************************123456789************************[] 
 []


Overfull \hbox (1.49698pt too wide) in paragraph at lines 4034--4034
[]    \OT1/cmtt/m/n/10 Bn: *____*__**__***___**__**_123456789************************[] 
 []

[38]
Overfull \hbox (1.49698pt too wide) in paragraph at lines 4034--4034
[]                    \OT1/cmtt/m/n/10 this is past the threshold where Bk = Ak+d, so[] 
 []


Overfull \hbox (1.49698pt too wide) in paragraph at lines 4034--4034
[]                    \OT1/cmtt/m/n/10 this is past the threshold where Bk = Ak+d, so[] 
 []


Overfull \hbox (11.99689pt too wide) in paragraph at lines 4034--4034
[]                    \OT1/cmtt/m/n/10 add (ld+1) to get past threshold where Bk = Ak+d[] 
 []

[39]
Overfull \hbox (1.49698pt too wide) in paragraph at lines 4034--4034
[]    \OT1/cmtt/m/n/10 An: *************************123456789************************[] 
 []


Overfull \hbox (1.49698pt too wide) in paragraph at lines 4034--4034
[]    \OT1/cmtt/m/n/10 Bn: *____*__**__***___**__**_123456789************************[] 
 []


Overfull \hbox (6.74693pt too wide) in paragraph at lines 4034--4034
[]                \OT1/cmtt/m/n/10 [because we are past the threshold where Bk = Ak+d][] 
 []


Overfull \hbox (38.24666pt too wide) in paragraph at lines 4034--4034
[]            \OT1/cmtt/m/n/10 Ai for i < (ld-d+1+d) [ki will suffice for the first i terms][] 
 []


Overfull \hbox (38.24666pt too wide) in paragraph at lines 4034--4034
[]            \OT1/cmtt/m/n/10 just choose the (n-d)th term from the sequence of k's for Bn.[] 
 []


Overfull \hbox (1.49698pt too wide) in paragraph at lines 4034--4034
[]        \OT1/cmtt/m/n/10 create new sequence of j's for Bn (to serve as k's for An)[] 
 []

[40]
Overfull \hbox (22.4968pt too wide) in paragraph at lines 4034--4034
[]    \OT1/cmtt/m/n/10 consider sequence Cn, created by dropping the first n0 terms of An[] 
 []


Overfull \hbox (17.24684pt too wide) in paragraph at lines 4034--4034
[]        \OT1/cmtt/m/n/10 note we get the same sequence if we drop first n0 terms of Bn[] 
 []

[41]
Overfull \hbox (17.24684pt too wide) in paragraph at lines 4034--4034
[]                \OT1/cmtt/m/n/10 xk are all the same. then lim xk = a, xk = a forall k[] 
 []


Overfull \hbox (17.24684pt too wide) in paragraph at lines 4034--4034
[]                \OT1/cmtt/m/n/10 we know this is not the case since xk distinct from a[] 
 []


Overfull \hbox (11.99689pt too wide) in paragraph at lines 4034--4034
[]                \OT1/cmtt/m/n/10 xk are not all the same. then int_k>n {xk} = nullset[] 
 []

[42] [43] [44] [45] [46]
Overfull \hbox (6.74693pt too wide) in paragraph at lines 4034--4034
[]                \OT1/cmtt/m/n/10 since tk decreasing, (b + tk) < (b + tn) forall k>n[] 
 []


Overfull \hbox (1.49698pt too wide) in paragraph at lines 4034--4034
[]                \OT1/cmtt/m/n/10 so (b + tn) is the right (open) end point of union[] 
 []

[47]
Overfull \hbox (1.49698pt too wide) in paragraph at lines 4034--4034
[]                \OT1/cmtt/m/n/10 if tn irrational, {rationals + tn} = {irrationals}[] 
 []


Overfull \hbox (11.99689pt too wide) in paragraph at lines 4034--4034
[]                \OT1/cmtt/m/n/10 occur in k>n, so the intersection = nullset forall n[] 
 []

[48] [49] [50] [51]
Overfull \hbox (6.74693pt too wide) in paragraph at lines 4034--4034
[]            \OT1/cmtt/m/n/10 then {A int En : A in AA} is a sigma-algebra, foreach n[] 
 []

[52] [53]
Overfull \hbox (6.74693pt too wide) in paragraph at lines 4034--4034
[]                \OT1/cmtt/m/n/10 E1 is an atom, and can't be nullset by def. contra.[] 
 []


Overfull \hbox (1.49698pt too wide) in paragraph at lines 4034--4034
[]            \OT1/cmtt/m/n/10 this is the only available option, so it must be true.[] 
 []

[54]
Overfull \hbox (1.49698pt too wide) in paragraph at lines 4034--4034
[]        \OT1/cmtt/m/n/10 by def, each algebra in intersection on LHS contains a(CC)[] 
 []


Overfull \hbox (27.74675pt too wide) in paragraph at lines 4034--4034
[]        \OT1/cmtt/m/n/10 sigma(sigma(CC)) is smallest sigma-algebra containing sigma(CC)[] 
 []


Overfull \hbox (53.99652pt too wide) in paragraph at lines 4034--4034
[]        \OT1/cmtt/m/n/10 by def, each sigma-algebra in intersection on LHS contains sigma(CC)[] 
 []


Overfull \hbox (17.24684pt too wide) in paragraph at lines 4034--4034
[]        \OT1/cmtt/m/n/10 a sigma-algebra satisfies properties of algebra, so sigma(CC)[] 
 []

[55]
Overfull \hbox (1.49698pt too wide) in paragraph at lines 4034--4034
[]            \OT1/cmtt/m/n/10 sigma(CC)  subset  sigma(a(CC))     [quik proof, p. 7][] 
 []


Overfull \hbox (11.99689pt too wide) in paragraph at lines 4034--4034
[]    \OT1/cmtt/m/n/10 but i cannot find N that works FORALL x in (0,1) simultaneously.[] 
 []

[56] [57] [58]
Overfull \hbox (11.99689pt too wide) in paragraph at lines 4034--4034
[]            \OT1/cmtt/m/n/10 there are n sets, each can either be or not be included.[] 
 []

[59]
Overfull \hbox (6.74693pt too wide) in paragraph at lines 4034--4034
[]            \OT1/cmtt/m/n/10 make a binary sequence from the Ai's that x belongs to.[] 
 []


Overfull \hbox (43.49661pt too wide) in paragraph at lines 4034--4034
[]            \OT1/cmtt/m/n/10 let Bi be the set of all points with the same binary sequence.[] 
 []


Overfull \hbox (17.24684pt too wide) in paragraph at lines 4034--4034
[]                \OT1/cmtt/m/n/10 the intuition is that we partition the original space[] 
 []


Overfull \hbox (27.74675pt too wide) in paragraph at lines 4034--4034
[]                \OT1/cmtt/m/n/10 for every combination of the Ai's possible. so whenever[] 
 []


Overfull \hbox (11.99689pt too wide) in paragraph at lines 4034--4034
[]                \OT1/cmtt/m/n/10 some certain combination of Ai's intersect, that set[] 
 []


Overfull \hbox (6.74693pt too wide) in paragraph at lines 4034--4034
[]                \OT1/cmtt/m/n/10 will be one specific Bi. and the Bi's are disjoint.[] 
 []

[60]
Overfull \hbox (32.9967pt too wide) in paragraph at lines 4034--4034
[]        \OT1/cmtt/m/n/10 since {Bi} disjoint and finite, by (1.15) sigma({Bi}) is finite.[] 
 []


Overfull \hbox (17.24684pt too wide) in paragraph at lines 4034--4034
[]        \OT1/cmtt/m/n/10 consider the cardinality function for at most countable sets.[] 
 []


Overfull \hbox (6.74693pt too wide) in paragraph at lines 4034--4034
[]        \OT1/cmtt/m/n/10 thus "cardinality for at most countable sets" is a measure.[] 
 []


Overfull \hbox (32.9967pt too wide) in paragraph at lines 4034--4034
[]    \OT1/cmtt/m/n/10 thus there is no case where CC has sigma-algebra countably infinite.[] 
 []

[61]
Overfull \hbox (6.74693pt too wide) in paragraph at lines 4034--4034
[]        \OT1/cmtt/m/n/10 any member of DD can be identified with a n-length sequence[] 
 []


Overfull \hbox (22.4968pt too wide) in paragraph at lines 4034--4034
[]        \OT1/cmtt/m/n/10 any 2 distinct members A,B of DD differ in at least 1 place in[] 
 []

[62]
Overfull \hbox (27.74675pt too wide) in paragraph at lines 4034--4034
[]            \OT1/cmtt/m/n/10 then it needs to take a finite subset of the countable set.[] 
 []


Overfull \hbox (27.74675pt too wide) in paragraph at lines 4034--4034
[]                \OT1/cmtt/m/n/10 finite subsets. we know that the result will still be a[] 
 []


Overfull \hbox (59.24648pt too wide) in paragraph at lines 4034--4034
[]                \OT1/cmtt/m/n/10 countable set of finite unions of the original countable set.[] 
 []


Overfull \hbox (22.4968pt too wide) in paragraph at lines 4034--4034
[]            \OT1/cmtt/m/n/10 by repeatedly taking finite unions, we would never be able[] 
 []


Overfull \hbox (22.4968pt too wide) in paragraph at lines 4034--4034
[]            \OT1/cmtt/m/n/10 thus we would never be able to take a (finite) sequence of[] 
 []


Overfull \hbox (27.74675pt too wide) in paragraph at lines 4034--4034
[]        \OT1/cmtt/m/n/10 note: if we take a countable sequence of finite unions, that is[] 
 []


Overfull \hbox (6.74693pt too wide) in paragraph at lines 4034--4034
[]            \OT1/cmtt/m/n/10 equivalent to taking a countable union, and that is not[] 
 []

[63]
Overfull \hbox (43.49661pt too wide) in paragraph at lines 4034--4034
[]        \OT1/cmtt/m/n/10 if we have a finite sequence of finite unions, it is still finite,[] 
 []


Overfull \hbox (1.49698pt too wide) in paragraph at lines 4034--4034
[]    \OT1/cmtt/m/n/10 assuming my 2 arguments above are correct, we just showed that[] 
 []


Overfull \hbox (11.99689pt too wide) in paragraph at lines 4034--4034
[]        \OT1/cmtt/m/n/10 countable number of items from the original uncountable set.[] 
 []


Overfull \hbox (1.49698pt too wide) in paragraph at lines 4034--4034
[]        \OT1/cmtt/m/n/10 countable, and will not be able to use up all the elements[] 
 []

[64]
Overfull \hbox (6.74693pt too wide) in paragraph at lines 4034--4034
[]    \OT1/cmtt/m/n/10 mu(E1 int E2c) + mu(E1 int E2) + mu(E2 int E1c) + mu(E2 int E1)[] 
 []

[65]
Overfull \hbox (22.4968pt too wide) in paragraph at lines 4034--4034
[]        \OT1/cmtt/m/n/10 sum_n sum_k ak muk(En)  [interchange sums bc they are non-neg][] 
 []

[66]
Overfull \hbox (11.99689pt too wide) in paragraph at lines 4034--4034
[]        \OT1/cmtt/m/n/10 [i literally fucking showed this by applying (1.16) and then[] 
 []


Overfull \hbox (6.74693pt too wide) in paragraph at lines 4034--4034
[]                \OT1/cmtt/m/n/10 each Bn is at-most-countable union of members of JJ[] 
 []


Overfull \hbox (6.74693pt too wide) in paragraph at lines 4034--4034
[]                \OT1/cmtt/m/n/10 is a countable union of at-most-countable unions of[] 
 []

[67]
Overfull \hbox (1.49698pt too wide) in paragraph at lines 4034--4034
[]            \OT1/cmtt/m/n/10 mu is defined to be the number of elements of JJ in A.[] 
 []


Overfull \hbox (17.24684pt too wide) in paragraph at lines 4034--4034
[]            \OT1/cmtt/m/n/10 thus (U Ak) is (at most countable) union of members of JJ[] 
 []


Overfull \hbox (6.74693pt too wide) in paragraph at lines 4034--4034
[]                \OT1/cmtt/m/n/10 mu(U_1..2 Ak) = mu(A1) + mu(A2)  [disjoint, finite][] 
 []

[68]
Overfull \hbox (27.74675pt too wide) in paragraph at lines 4034--4034
[]                \OT1/cmtt/m/n/10 finite union of Ak with finite cardinality, the rest 0s[] 
 []


Overfull \hbox (53.99652pt too wide) in paragraph at lines 4034--4034
[]        \OT1/cmtt/m/n/10 mu(An) = mu(U_k>n (k-1,k]) = inf  [countable union of disjoint sets][] 
 []

[69] [70] [71]
Overfull \hbox (27.74675pt too wide) in paragraph at lines 4034--4034
[]            \OT1/cmtt/m/n/10 U_n int_k>n (x-1/2n, x+1/2n) = int_n U_k>n (x-1/2n, x+1/2n)[] 
 []

[72] [73]
Overfull \hbox (32.9967pt too wide) in paragraph at lines 4034--4034
[]                    \OT1/cmtt/m/n/10 there is a countable set of En with positive measure[] 
 []

[74] [75]
Overfull \hbox (17.24684pt too wide) in paragraph at lines 4034--4034
[]                \OT1/cmtt/m/n/10 if all En finite, = 0 and thus not countably additive[] 
 []


Overfull \hbox (32.9967pt too wide) in paragraph at lines 4034--4034
[]        \OT1/cmtt/m/n/10 show X limit of inc seq En with mu(En) = 0 forall n, mu(X) = inf[] 
 []


Overfull \hbox (1.49698pt too wide) in paragraph at lines 4034--4034
[]        \OT1/cmtt/m/n/10 since X countable, enumerate its elements as {an : n in N}[] 
 []


Overfull \hbox (6.74693pt too wide) in paragraph at lines 4034--4034
[]        \OT1/cmtt/m/n/10 [also could've just said it's increasing so lim = union...][] 
 []


Overfull \hbox (11.99689pt too wide) in paragraph at lines 4034--4034
[]        \OT1/cmtt/m/n/10 mu(En) = 0 since it's a finite union of elements. foreach n.[] 
 []

[76] [77] [78] [79]
Overfull \hbox (1.49698pt too wide) in paragraph at lines 4034--4034
[]                    \OT1/cmtt/m/n/10 countably infinite, complement is uncountable.[] 
 []

[80]
Overfull \hbox (32.9967pt too wide) in paragraph at lines 4034--4034
[]        \OT1/cmtt/m/n/10 but hypothesis is that A1, A2 disjoint. so this case cant happen[] 
 []

[81]
Overfull \hbox (69.74638pt too wide) in paragraph at lines 4034--4034
[]            \OT1/cmtt/m/n/10 mu(An+1) + mu(U_1..n Ak) = mu(U_1..n+1 Ak) + mu(An+1 int U_1..n Ak)[] 
 []


Overfull \hbox (11.99689pt too wide) in paragraph at lines 4034--4034
[]            \OT1/cmtt/m/n/10 mu(U_1..n [Ak An+1]) <= sum mu(Ak An+1)  [subadditivity][] 
 []


Overfull \hbox (6.74693pt too wide) in paragraph at lines 4034--4034
[]        \OT1/cmtt/m/n/10 foreach n, mu(U_1..n Ak) <= sum mu(An)   [since mu non-neg][] 
 []


Overfull \hbox (6.74693pt too wide) in paragraph at lines 4034--4034
[]        \OT1/cmtt/m/n/10 sum_1..n mu(Ak) = mu(U_1..n Ak) <= mu(U An)  [monotonicity][] 
 []


Overfull \hbox (38.24666pt too wide) in paragraph at lines 4034--4034
[]        \OT1/cmtt/m/n/10 [ok i think this is a general method: if result holds for each n,[] 
 []


Overfull \hbox (6.74693pt too wide) in paragraph at lines 4034--4034
[]        \OT1/cmtt/m/n/10 and foreach n, finite-union less than sum since mu non-neg][] 
 []


Overfull \hbox (1.49698pt too wide) in paragraph at lines 4034--4034
[]            \OT1/cmtt/m/n/10 -> mu((U Ak) \ (U_1..n Ak)) = mu(U Ak) - mu(U_1..n Ak)[] 
 []

[82]
Overfull \hbox (69.74638pt too wide) in paragraph at lines 4034--4034
[]            \OT1/cmtt/m/n/10 mu(A1) + mu(U_2.. Ak) = mu(A1 U (U_2.. Ak)) + mu(A1 int (U_2.. Ak))[] 
 []


Overfull \hbox (22.4968pt too wide) in paragraph at lines 4034--4034
[]            \OT1/cmtt/m/n/10 mu(A1) + sum_2.. mu(Ak) = mu(U Ak) + mu(A1 int (U_2.. Ak))[] 
 []


Overfull \hbox (74.99634pt too wide) in paragraph at lines 4034--4034
[]                    \OT1/cmtt/m/n/10 since (A1 int Ak)  subset  (A1 int (U_2.. Ak))  [for k >= 2][] 
 []


Overfull \hbox (11.99689pt too wide) in paragraph at lines 4034--4034
[]                    \OT1/cmtt/m/n/10 mu(A1 int Ak) = 0   [monotonicity]  [for k >= 2][] 
 []


Overfull \hbox (53.99652pt too wide) in paragraph at lines 4034--4034
[]                    \OT1/cmtt/m/n/10 [TODO: can we even do this? sum mu(Ak) might be infinity[] 
 []


Overfull \hbox (6.74693pt too wide) in paragraph at lines 4034--4034
[]                    \OT1/cmtt/m/n/10 but we have eqn x = x + e, so maybe e=0 still?][] 
 []


Overfull \hbox (22.4968pt too wide) in paragraph at lines 4034--4034
[]                \OT1/cmtt/m/n/10 [this result requires mu(U_1..n Ak) = sum_1..n mu(Ak)][] 
 []


Overfull \hbox (263.99469pt too wide) in paragraph at lines 4034--4034
[]            \OT1/cmtt/m/n/10 mu(U_1..n+1 Ak) + mu(U_n+2.. Ak) = mu((U_1..n+1 Ak) U (U_n+2.. Ak)) + mu((U_1..n+1 Ak) int (U_n+2.. Ak))[] 
 []


Overfull \hbox (32.9967pt too wide) in paragraph at lines 4034--4034
[]                \OT1/cmtt/m/n/10 know mu(U_1..n+1 Ak) = sum_1..n+1 mu(Ak) because already[] 
 []


Overfull \hbox (32.9967pt too wide) in paragraph at lines 4034--4034
[]            \OT1/cmtt/m/n/10 sum mu(Ak) = sum mu(Ak) + mu((U_1..n+1 Ak) int (U_n+2.. Ak))[] 
 []


Overfull \hbox (27.74675pt too wide) in paragraph at lines 4034--4034
[]                \OT1/cmtt/m/n/10 mu(An+1 int (U_n+2.. Ak)) = 0            [monotonicity][] 
 []


Overfull \hbox (27.74675pt too wide) in paragraph at lines 4034--4034
[]                \OT1/cmtt/m/n/10 mu(An+1 int Ak) = 0   [for k >= n+2]     [monotonicity][] 
 []

[83]
Overfull \hbox (169.49551pt too wide) in paragraph at lines 4034--4034
[]            \OT1/cmtt/m/n/10 mu(A1 U A2) + mu(U_3.. Ak) = mu((A1 U A2) U (U_3.. Ak)) + mu((A1 U A2) int (U_3.. Ak))[] 
 []


Overfull \hbox (85.49625pt too wide) in paragraph at lines 4034--4034
[]            \OT1/cmtt/m/n/10 mu(A1 U A2) + sum_3.. mu(Ak) = mu(U Ak) + mu((A1 U A2) int (U_3.. Ak))[] 
 []


Overfull \hbox (6.74693pt too wide) in paragraph at lines 4034--4034
[]                \OT1/cmtt/m/n/10 know mu(A1 U A2) = mu(A1) + mu(A2) since proved n=1[] 
 []


Overfull \hbox (1.49698pt too wide) in paragraph at lines 4034--4034
[]            \OT1/cmtt/m/n/10 sum mu(Ak) = sum mu(Ak) + mu((A1 U A2) int (U_3.. Ak))[] 
 []


Overfull \hbox (1.49698pt too wide) in paragraph at lines 4034--4034
[]                \OT1/cmtt/m/n/10 [A2 int (U_3.. Ak)]  subset  [A1 int (U_3.. Ak)] U[] 
 []


Overfull \hbox (6.74693pt too wide) in paragraph at lines 4034--4034
[]                                                \OT1/cmtt/m/n/10 [A2 int (U_3.. Ak)][] 
 []


Overfull \hbox (48.74657pt too wide) in paragraph at lines 4034--4034
[]                    \OT1/cmtt/m/n/10 (A2 int Ak)  subset  (A2 int (U_3.. Ak))  [for k >=  3][] 
 []

[84]
Overfull \hbox (32.9967pt too wide) in paragraph at lines 4034--4034
[]        \OT1/cmtt/m/n/10 (A \ B) U (B \ A)  subset  (A \ C) U (C \ A) U (C \ B) U (B \ C)[] 
 []

[85]
Overfull \hbox (17.24684pt too wide) in paragraph at lines 4034--4034
[]        \OT1/cmtt/m/n/10 mu(A tri B) <= mu[(A tri C) U (C tri B)]       [monotonicity][] 
 []


Overfull \hbox (22.4968pt too wide) in paragraph at lines 4034--4034
[]            \OT1/cmtt/m/n/10 <= mu(A tri C) + mu(C tri B)               [subadditivity][] 
 []


Overfull \hbox (6.74693pt too wide) in paragraph at lines 4034--4034
[]            \OT1/cmtt/m/n/10 = mu(A int B) + mu(A tri B)                [additivity][] 
 []


Overfull \hbox (1.49698pt too wide) in paragraph at lines 4034--4034
[]        \OT1/cmtt/m/n/10 mu(A U B) = mu(A int B)                  [mu(A tri B) = 0][] 
 []


Overfull \hbox (6.74693pt too wide) in paragraph at lines 4034--4034
[]        \OT1/cmtt/m/n/10 mu(A U B) = mu(A int B) <= mu(B) <= mu(A U B) = mu(A int B)[] 
 []

[86]
Overfull \hbox (1.49698pt too wide) in paragraph at lines 4034--4034
[]            \OT1/cmtt/m/n/10 from each one, and returns their symmetric difference.[] 
 []

[87] [88]
Overfull \hbox (1.49698pt too wide) in paragraph at lines 4078--4078
[]\OT1/cmtt/m/n/10 % ----------------------------------------------------------------[] 
 []


Overfull \hbox (1.49698pt too wide) in paragraph at lines 4078--4078
[]    \OT1/cmtt/m/n/10 TODO various associoation and distribution properties of A \ B[] 
 []


Overfull \hbox (1.49698pt too wide) in paragraph at lines 4078--4078
[]\OT1/cmtt/m/n/10 % ----------------------------------------------------------------[] 
 []


Overfull \hbox (253.49478pt too wide) in paragraph at lines 4078--4078
[]\OT1/cmtt/m/n/10 https://math.stackexchange.com/questions/172167/intuitive-interpretation-of-limsup-and-liminf-of-sequences-of-sets[] 
 []


Overfull \hbox (111.74602pt too wide) in paragraph at lines 4078--4078
[]\OT1/cmtt/m/n/10 https://math.stackexchange.com/questions/107931/lim-sup-and-lim-inf-of-sequence-of-sets[] 
 []


Overfull \hbox (174.74547pt too wide) in paragraph at lines 4078--4078
[]\OT1/cmtt/m/n/10 https://math.stackexchange.com/questions/485815/intuition-behind-the-definition-of-a-measurable-set[] 
 []


Overfull \hbox (158.9956pt too wide) in paragraph at lines 4078--4078
[]\OT1/cmtt/m/n/10 https://mathoverflow.net/questions/34007/demystifying-the-caratheodory-approach-to-measurability[] 
 []


Overfull \hbox (263.99469pt too wide) in paragraph at lines 4078--4078
[]\OT1/cmtt/m/n/10 https://jmanton.wordpress.com/2017/08/24/intuition-behind-caratheodorys-criterion-think-sharp-knife-and-shrink-wrap/[] 
 []


Overfull \hbox (32.9967pt too wide) in paragraph at lines 4078--4078
[]\OT1/cmtt/m/n/10 - we say x occurs either finite or infinitely often. how do we know that[] 
 []


Overfull \hbox (17.24684pt too wide) in paragraph at lines 4078--4078
[]    \OT1/cmtt/m/n/10 there isn't a single occurence, an infintie number of times away?[] 
 []


Overfull \hbox (22.4968pt too wide) in paragraph at lines 4078--4078
[]    \OT1/cmtt/m/n/10 maybe because sequences are made of components for each n, and the[] 
 []

[89]
Overfull \hbox (17.24684pt too wide) in paragraph at lines 4078--4078
[]    \OT1/cmtt/m/n/10 meaning we don't care what happens an infinite time away, we only[] 
 []


Overfull \hbox (17.24684pt too wide) in paragraph at lines 4078--4078
[]    \OT1/cmtt/m/n/10 care about describing its behavior at each n. and if something is[] 
 []

LaTeX Font Info:    Trying to load font information for U+msa on input line 4080.
(/usr/share/texlive/texmf-dist/tex/latex/amsfonts/umsa.fd
File: umsa.fd 2013/01/14 v3.01 AMS symbols A
)
LaTeX Font Info:    Trying to load font information for U+msb on input line 4080.
 (/usr/share/texlive/texmf-dist/tex/latex/amsfonts/umsb.fd
File: umsb.fd 2013/01/14 v3.01 AMS symbols B
) [90] (./yeh.aux) ) 
Here is how much of TeX's memory you used:
 2021 strings out of 480247
 30014 string characters out of 5896150
 397862 words of memory out of 5000000
 19997 multiletter control sequences out of 15000+600000
 472039 words of font info for 40 fonts, out of 8000000 for 9000
 14 hyphenation exceptions out of 8191
 54i,5n,62p,717b,339s stack positions out of 5000i,500n,10000p,200000b,80000s
</usr/share/texlive/texmf-dist/fonts/type1/public/amsfonts/cm/cmbx12.pfb></usr/share/texlive/texmf-dist/fonts/type1/public/amsfonts/cm/cmex10.pfb></usr/share/texlive/texmf-dist/fonts/type1/public/amsfonts/cm/cmmi10.pfb></usr/share/texlive/texmf-dist/fonts/type1/public/amsfonts/cm/cmmi7.pfb></usr/share/texlive/texmf-dist/fonts/type1/public/amsfonts/cm/cmr10.pfb></usr/share/texlive/texmf-dist/fonts/type1/public/amsfonts/cm/cmr7.pfb></usr/share/texlive/texmf-dist/fonts/type1/public/amsfonts/cm/cmsy7.pfb></usr/share/texlive/texmf-dist/fonts/type1/public/amsfonts/cm/cmtt10.pfb>
Output written on yeh.pdf (90 pages, 176740 bytes).
PDF statistics:
 335 PDF objects out of 1000 (max. 8388607)
 224 compressed objects within 3 object streams
 0 named destinations out of 1000 (max. 500000)
 1 words of extra memory for PDF output out of 10000 (max. 10000000)

